<?xml version="1.0" encoding="UTF-8"?>
<testng-results ignored="0" total="2" passed="2" failed="0" skipped="0">
  <reporter-output>
  </reporter-output>
  <suite started-at="2023-03-03T14:18:09 IST" name="Default suite" finished-at="2023-03-03T14:18:11 IST" duration-ms="1619">
    <groups>
    </groups>
    <test started-at="2023-03-03T14:18:09 IST" name="Default test" finished-at="2023-03-03T14:18:11 IST" duration-ms="1619">
      <class name="AutomatedScriptAPIs.testAPIS">
        <test-method signature="testPOSTApiusingPOGO()[pri:1, instance:AutomatedScriptAPIs.testAPIS@40cb698e]" started-at="2023-03-03T14:18:09 IST" name="testPOSTApiusingPOGO" finished-at="2023-03-03T14:18:10 IST" duration-ms="1504" status="PASS">
          <reporter-output>
          </reporter-output>
        </test-method> <!-- testPOSTApiusingPOGO -->
        <test-method signature="testGETApi()[pri:2, instance:AutomatedScriptAPIs.testAPIS@40cb698e]" started-at="2023-03-03T14:18:10 IST" name="testGETApi" finished-at="2023-03-03T14:18:11 IST" duration-ms="76" status="PASS">
          <reporter-output>
          </reporter-output>
        </test-method> <!-- testGETApi -->
      </class> <!-- AutomatedScriptAPIs.testAPIS -->
    </test> <!-- Default test -->
  </suite> <!-- Default suite -->
</testng-results>
